-- Found moveit_common: 2.5.9 (/home/qiguanxiao/ws/ws_moveit2/install/moveit_common/share/moveit_common/cmake)
-- Found ament_cmake: 1.3.11 (/home/qiguanxiao/ros2_humble/install/ament_cmake/share/ament_cmake/cmake)
-- Found eigen3_cmake_module: 0.1.1 (/home/qiguanxiao/ros2_humble/install/eigen3_cmake_module/share/eigen3_cmake_module/cmake)
-- Found control_msgs: 4.7.0 (/home/qiguanxiao/ws/dependencies/control_msgs/install/control_msgs/share/control_msgs/cmake)
-- Found rosidl_generator_c: 3.1.6 (/home/qiguanxiao/ros2_humble/install/rosidl_generator_c/share/rosidl_generator_c/cmake)
-- Found rosidl_adapter: 3.1.6 (/home/qiguanxiao/ros2_humble/install/rosidl_adapter/share/rosidl_adapter/cmake)
-- Found rosidl_generator_cpp: 3.1.6 (/home/qiguanxiao/ros2_humble/install/rosidl_generator_cpp/share/rosidl_generator_cpp/cmake)
-- Using all available rosidl_typesupport_c: rosidl_typesupport_introspection_c;rosidl_typesupport_fastrtps_c
-- Using all available rosidl_typesupport_cpp: rosidl_typesupport_introspection_cpp;rosidl_typesupport_fastrtps_cpp
-- Found control_toolbox: 3.4.0 (/home/qiguanxiao/ws/dependencies/control_toolbox/install/control_toolbox/share/control_toolbox/cmake)
-- Found rmw_implementation_cmake: 6.1.2 (/home/qiguanxiao/ros2_humble/install/rmw_implementation_cmake/share/rmw_implementation_cmake/cmake)
-- Found rmw_fastrtps_cpp: 6.2.7 (/home/qiguanxiao/ros2_humble/install/rmw_fastrtps_cpp/share/rmw_fastrtps_cpp/cmake)
-- Using RMW implementation 'rmw_fastrtps_cpp' as default
-- Found moveit_core: 2.5.9 (/home/qiguanxiao/ws/ws_moveit2/install/moveit_core/share/moveit_core/cmake)
-- Found Boost: /usr/lib/x86_64-linux-gnu/cmake/Boost-1.74.0/BoostConfig.cmake (found version "1.74.0") found components: chrono date_time filesystem iostreams program_options regex serialization system thread 
-- Found Boost: /usr/lib/x86_64-linux-gnu/cmake/Boost-1.74.0/BoostConfig.cmake (found version "1.74.0") found components: filesystem 
-- library: /usr/lib/x86_64-linux-gnu/libcurl.so
-- Ensuring Eigen3 include directory is part of orocos-kdl CMake target
-- Found moveit_ros_planning: 2.5.9 (/home/qiguanxiao/ws/ws_moveit2/install/moveit_ros_planning/share/moveit_ros_planning/cmake)
-- Found Boost: /usr/lib/x86_64-linux-gnu/cmake/Boost-1.74.0/BoostConfig.cmake (found version "1.74.0") found components: system filesystem date_time program_options thread chrono 
-- Found std_srvs: 4.8.0 (/home/qiguanxiao/ros2_humble/install/std_srvs/share/std_srvs/cmake)
-- Found ament_lint_auto: 0.12.12 (/home/qiguanxiao/ros2_humble/install/ament_lint_auto/share/ament_lint_auto/cmake)
-- Found ament_cmake_gtest: 1.3.11 (/home/qiguanxiao/ros2_humble/install/ament_cmake_gtest/share/ament_cmake_gtest/cmake)
-- Found ros_testing: 0.4.0 (/home/qiguanxiao/ros2_humble/install/ros_testing/share/ros_testing/cmake)
-- Found launch_testing_ament_cmake: 1.0.8 (/home/qiguanxiao/ros2_humble/install/launch_testing_ament_cmake/share/launch_testing_ament_cmake/cmake)
-- Found python_cmake_module: 0.10.0 (/home/qiguanxiao/ros2_humble/install/python_cmake_module/share/python_cmake_module/cmake)
-- Using PYTHON_EXECUTABLE: /usr/bin/python3
-- Using PYTHON_INCLUDE_DIRS: /usr/include/python3.10
-- Using PYTHON_LIBRARIES: /usr/lib/x86_64-linux-gnu/libpython3.10.so
-- Found Boost: /usr/lib/x86_64-linux-gnu/cmake/Boost-1.74.0/BoostConfig.cmake (found version "1.74.0") found components: filesystem 
-- Found gtest sources under '/home/qiguanxiao/ros2_humble/install/gtest_vendor/src/gtest_vendor': C++ tests using 'Google Test' will be built
-- Added test 'cppcheck' to perform static code analysis on C / C++ code
-- Configured cppcheck include dirs: /home/qiguanxiao/ws/ws_moveit2/src/moveit2/moveit_ros/moveit_servo/include
-- Configured cppcheck exclude dirs and/or files: 
-- Added test 'lint_cmake' to check CMake code style
-- Added test 'pep257' to check Python code against some of the docstring style conventions in PEP 257
-- Added test 'xmllint' to check XML markup files
-- Configuring done
-- Generating done
-- Build files have been written to: /home/qiguanxiao/ws/ws_moveit2/build/moveit_servo
[35m[1mConsolidate compiler generated dependencies of target gtest_main[0m
[35m[1mConsolidate compiler generated dependencies of target servo_controller_input[0m
[35m[1mConsolidate compiler generated dependencies of target fake_command_publisher[0m
[35m[1mConsolidate compiler generated dependencies of target gtest[0m
[35m[1mConsolidate compiler generated dependencies of target moveit_servo_lib_parameters[0m
[  3%] [32mBuilding CXX object gtest/CMakeFiles/gtest.dir/src/gtest-all.cc.o[0m
[  6%] [32mBuilding CXX object CMakeFiles/fake_command_publisher.dir/test/publish_fake_jog_commands.cpp.o[0m
[  9%] [32mBuilding CXX object gtest/CMakeFiles/gtest_main.dir/src/gtest_main.cc.o[0m
[ 12%] [32mBuilding CXX object CMakeFiles/servo_controller_input.dir/src/teleop_demo/joystick_servo_example.cpp.o[0m
[ 15%] [32mBuilding CXX object CMakeFiles/moveit_servo_lib_parameters.dir/src/servo_parameters.cpp.o[0m
[ 18%] [32mBuilding CXX object CMakeFiles/moveit_servo_lib_parameters.dir/src/parameter_descriptor_builder.cpp.o[0m
[ 21%] [32m[1mLinking CXX static library libgtest_main.a[0m
[ 21%] Built target gtest_main
[ 24%] [32m[1mLinking CXX executable fake_command_publisher[0m
[ 24%] Built target fake_command_publisher
[ 27%] [32m[1mLinking CXX static library libgtest.a[0m
[ 27%] Built target gtest
[ 30%] [32m[1mLinking CXX shared library libmoveit_servo_lib_parameters.so[0m
[ 30%] Built target moveit_servo_lib_parameters
[35m[1mConsolidate compiler generated dependencies of target test_servo_collision[0m
[35m[1mConsolidate compiler generated dependencies of target test_servo_integration[0m
[35m[1mConsolidate compiler generated dependencies of target moveit_servo_lib[0m
[ 33%] [32mBuilding CXX object CMakeFiles/test_servo_integration.dir/test/test_servo_interface.cpp.o[0m
[ 36%] [32mBuilding CXX object CMakeFiles/test_servo_collision.dir/test/test_servo_collision.cpp.o[0m
[ 39%] [32mBuilding CXX object CMakeFiles/moveit_servo_lib.dir/src/collision_check.cpp.o[0m
[ 42%] [32mBuilding CXX object CMakeFiles/moveit_servo_lib.dir/src/enforce_limits.cpp.o[0m
[ 45%] [32mBuilding CXX object CMakeFiles/moveit_servo_lib.dir/src/servo.cpp.o[0m
[ 48%] [32mBuilding CXX object CMakeFiles/moveit_servo_lib.dir/src/servo_calcs.cpp.o[0m
[ 51%] [32mBuilding CXX object CMakeFiles/moveit_servo_lib.dir/src/utilities.cpp.o[0m
[ 54%] [32m[1mLinking CXX shared library libservo_controller_input.so[0m
[ 54%] Built target servo_controller_input
[ 57%] [32m[1mLinking CXX executable test_servo_collision[0m
[ 60%] [32m[1mLinking CXX executable test_servo_integration[0m
[ 60%] Built target test_servo_collision
[ 60%] Built target test_servo_integration
[ 63%] [32m[1mLinking CXX shared library libmoveit_servo_lib.so[0m
[ 63%] Built target moveit_servo_lib
[35m[1mConsolidate compiler generated dependencies of target pose_tracking[0m
[35m[1mConsolidate compiler generated dependencies of target servo_node[0m
[35m[1mConsolidate compiler generated dependencies of target servo_calcs_unit_tests[0m
[ 66%] [32mBuilding CXX object CMakeFiles/servo_node.dir/src/servo_node.cpp.o[0m
[ 69%] [32mBuilding CXX object CMakeFiles/servo_calcs_unit_tests.dir/test/servo_calcs_unit_tests.cpp.o[0m
[ 72%] [32mBuilding CXX object CMakeFiles/pose_tracking.dir/src/pose_tracking.cpp.o[0m
[ 75%] [32m[1mLinking CXX shared library libservo_node.so[0m
[ 75%] Built target servo_node
[35m[1mConsolidate compiler generated dependencies of target servo_node_main[0m
[ 78%] [32mBuilding CXX object CMakeFiles/servo_node_main.dir/src/servo_node_main.cpp.o[0m
[ 81%] [32m[1mLinking CXX shared library libpose_tracking.so[0m
[ 81%] Built target pose_tracking
[35m[1mConsolidate compiler generated dependencies of target servo_pose_tracking_demo[0m
[35m[1mConsolidate compiler generated dependencies of target test_servo_pose_tracking[0m
[ 84%] [32mBuilding CXX object CMakeFiles/servo_pose_tracking_demo.dir/src/cpp_interface_demo/pose_tracking_demo.cpp.o[0m
[ 87%] [32mBuilding CXX object CMakeFiles/test_servo_pose_tracking.dir/test/pose_tracking_test.cpp.o[0m
[ 90%] [32m[1mLinking CXX executable servo_calcs_unit_tests[0m
[ 93%] [32m[1mLinking CXX executable servo_node_main[0m
/usr/bin/ld: libmoveit_servo_lib.so.2.5.9: undefined reference to `rosidl_service_type_support_t const* rosidl_typesupport_cpp::get_service_type_support_handle<moveit_msgs::srv::ChangeControlDimensions>()'
/usr/bin/ld: libmoveit_servo_lib.so.2.5.9: undefined reference to `rosidl_service_type_support_t const* rosidl_typesupport_cpp::get_service_type_support_handle<moveit_msgs::srv::ChangeDriftDimensions>()'
collect2: error: ld returned 1 exit status
gmake[2]: *** [CMakeFiles/servo_calcs_unit_tests.dir/build.make:378: servo_calcs_unit_tests] Error 1
gmake[1]: *** [CMakeFiles/Makefile2:480: CMakeFiles/servo_calcs_unit_tests.dir/all] Error 2
gmake[1]: *** Waiting for unfinished jobs....
/usr/bin/ld: libmoveit_servo_lib.so.2.5.9: undefined reference to `rosidl_service_type_support_t const* rosidl_typesupport_cpp::get_service_type_support_handle<moveit_msgs::srv::ChangeControlDimensions>()'
/usr/bin/ld: libmoveit_servo_lib.so.2.5.9: undefined reference to `rosidl_service_type_support_t const* rosidl_typesupport_cpp::get_service_type_support_handle<moveit_msgs::srv::ChangeDriftDimensions>()'
collect2: error: ld returned 1 exit status
gmake[2]: *** [CMakeFiles/servo_node_main.dir/build.make:377: servo_node_main] Error 1
gmake[1]: *** [CMakeFiles/Makefile2:311: CMakeFiles/servo_node_main.dir/all] Error 2
[ 96%] [32m[1mLinking CXX executable servo_pose_tracking_demo[0m
/usr/bin/ld: libmoveit_servo_lib.so.2.5.9: undefined reference to `rosidl_service_type_support_t const* rosidl_typesupport_cpp::get_service_type_support_handle<moveit_msgs::srv::ChangeControlDimensions>()'
/usr/bin/ld: libmoveit_servo_lib.so.2.5.9: undefined reference to `rosidl_service_type_support_t const* rosidl_typesupport_cpp::get_service_type_support_handle<moveit_msgs::srv::ChangeDriftDimensions>()'
collect2: error: ld returned 1 exit status
gmake[2]: *** [CMakeFiles/servo_pose_tracking_demo.dir/build.make:377: servo_pose_tracking_demo] Error 1
gmake[1]: *** [CMakeFiles/Makefile2:339: CMakeFiles/servo_pose_tracking_demo.dir/all] Error 2
[100%] [32m[1mLinking CXX executable test_servo_pose_tracking[0m
/usr/bin/ld: libmoveit_servo_lib.so.2.5.9: undefined reference to `rosidl_service_type_support_t const* rosidl_typesupport_cpp::get_service_type_support_handle<moveit_msgs::srv::ChangeControlDimensions>()'
/usr/bin/ld: libmoveit_servo_lib.so.2.5.9: undefined reference to `rosidl_service_type_support_t const* rosidl_typesupport_cpp::get_service_type_support_handle<moveit_msgs::srv::ChangeDriftDimensions>()'
collect2: error: ld returned 1 exit status
gmake[2]: *** [CMakeFiles/test_servo_pose_tracking.dir/build.make:379: test_servo_pose_tracking] Error 1
gmake[1]: *** [CMakeFiles/Makefile2:451: CMakeFiles/test_servo_pose_tracking.dir/all] Error 2
gmake: *** [Makefile:146: all] Error 2
