In file included from [01m[K/home/qiguanxiao/ws/ws_franka_ros2/src/franka_ros2/franka_semantic_components/src/franka_semantic_component_interface.cpp:18[m[K:
[01m[K/home/qiguanxiao/ws/ws_franka_ros2/src/franka_ros2/franka_semantic_components/include/franka_semantic_components/franka_semantic_component_interface.hpp:23:10:[m[K [01;31m[Kfatal error: [m[Kcontroller_interface/helpers.hpp: No such file or directory
   23 | #include [01;31m[K"controller_interface/helpers.hpp"[m[K
      |          [01;31m[K^~~~~~~~~~~~~~~~~~~~~~~~~~~~~~~~~~[m[K
compilation terminated.
gmake[2]: *** [CMakeFiles/franka_semantic_components.dir/build.make:132: CMakeFiles/franka_semantic_components.dir/src/franka_semantic_component_interface.cpp.o] Error 1
gmake[2]: *** Waiting for unfinished jobs....
In file included from [01m[K/home/qiguanxiao/ws/ws_franka_ros2/src/franka_ros2/franka_semantic_components/include/franka_semantic_components/franka_cartesian_velocity_interface.hpp:19[m[K,
                 from [01m[K/home/qiguanxiao/ws/ws_franka_ros2/src/franka_ros2/franka_semantic_components/src/franka_cartesian_velocity_interface.cpp:15[m[K:
[01m[K/home/qiguanxiao/ws/ws_franka_ros2/src/franka_ros2/franka_semantic_components/include/franka_semantic_components/franka_semantic_component_interface.hpp:23:10:[m[K [01;31m[Kfatal error: [m[Kcontroller_interface/helpers.hpp: No such file or directory
   23 | #include [01;31m[K"controller_interface/helpers.hpp"[m[K
      |          [01;31m[K^~~~~~~~~~~~~~~~~~~~~~~~~~~~~~~~~~[m[K
compilation terminated.
gmake[2]: *** [CMakeFiles/franka_semantic_components.dir/build.make:104: CMakeFiles/franka_semantic_components.dir/src/franka_cartesian_velocity_interface.cpp.o] Error 1
In file included from [01m[K/home/qiguanxiao/ws/ws_franka_ros2/src/franka_ros2/franka_semantic_components/src/franka_robot_model.cpp:15[m[K:
[01m[K/home/qiguanxiao/ws/ws_franka_ros2/src/franka_ros2/franka_semantic_components/include/franka_semantic_components/franka_robot_model.hpp:25:10:[m[K [01;31m[Kfatal error: [m[Ksemantic_components/semantic_component_interface.hpp: No such file or directory
   25 | #include [01;31m[K"semantic_components/semantic_component_interface.hpp"[m[K
      |          [01;31m[K^~~~~~~~~~~~~~~~~~~~~~~~~~~~~~~~~~~~~~~~~~~~~~~~~~~~~~[m[K
compilation terminated.
gmake[2]: *** [CMakeFiles/franka_semantic_components.dir/build.make:90: CMakeFiles/franka_semantic_components.dir/src/franka_robot_model.cpp.o] Error 1
In file included from [01m[K/home/qiguanxiao/ws/ws_franka_ros2/src/franka_ros2/franka_semantic_components/src/franka_robot_state.cpp:15[m[K:
[01m[K/home/qiguanxiao/ws/ws_franka_ros2/src/franka_ros2/franka_semantic_components/include/franka_semantic_components/franka_robot_state.hpp:25:10:[m[K [01;31m[Kfatal error: [m[Ksemantic_components/semantic_component_interface.hpp: No such file or directory
   25 | #include [01;31m[K"semantic_components/semantic_component_interface.hpp"[m[K
      |          [01;31m[K^~~~~~~~~~~~~~~~~~~~~~~~~~~~~~~~~~~~~~~~~~~~~~~~~~~~~~[m[K
compilation terminated.
gmake[2]: *** [CMakeFiles/franka_semantic_components.dir/build.make:76: CMakeFiles/franka_semantic_components.dir/src/franka_robot_state.cpp.o] Error 1
In file included from [01m[K/home/qiguanxiao/ws/ws_franka_ros2/src/franka_ros2/franka_semantic_components/include/franka_semantic_components/franka_cartesian_pose_interface.hpp:24[m[K,
                 from [01m[K/home/qiguanxiao/ws/ws_franka_ros2/src/franka_ros2/franka_semantic_components/src/franka_cartesian_pose_interface.cpp:15[m[K:
[01m[K/home/qiguanxiao/ws/ws_franka_ros2/src/franka_ros2/franka_semantic_components/include/franka_semantic_components/franka_semantic_component_interface.hpp:23:10:[m[K [01;31m[Kfatal error: [m[Kcontroller_interface/helpers.hpp: No such file or directory
   23 | #include [01;31m[K"controller_interface/helpers.hpp"[m[K
      |          [01;31m[K^~~~~~~~~~~~~~~~~~~~~~~~~~~~~~~~~~[m[K
compilation terminated.
gmake[2]: *** [CMakeFiles/franka_semantic_components.dir/build.make:118: CMakeFiles/franka_semantic_components.dir/src/franka_cartesian_pose_interface.cpp.o] Error 1
gmake[1]: *** [CMakeFiles/Makefile2:184: CMakeFiles/franka_semantic_components.dir/all] Error 2
gmake[1]: *** Waiting for unfinished jobs....
gmake: *** [Makefile:146: all] Error 2
