-- The C compiler identification is GNU 11.4.0
-- The CXX compiler identification is GNU 11.4.0
-- Detecting C compiler ABI info
-- Detecting C compiler ABI info - done
-- Check for working C compiler: /usr/bin/cc - skipped
-- Detecting C compile features
-- Detecting C compile features - done
-- Detecting CXX compiler ABI info
-- Detecting CXX compiler ABI info - done
-- Check for working CXX compiler: /usr/bin/c++ - skipped
-- Detecting CXX compile features
-- Detecting CXX compile features - done
-- Found ament_cmake: 1.3.11 (/home/qiguanxiao/ros2_humble/install/ament_cmake/share/ament_cmake/cmake)
-- Found Python3: /usr/bin/python3 (found version "3.10.12") found components: Interpreter 
-- Looking for pthread.h
-- Looking for pthread.h - found
-- Performing Test CMAKE_HAVE_LIBC_PTHREAD
-- Performing Test CMAKE_HAVE_LIBC_PTHREAD - Success
-- Found Threads: TRUE  
-- Found franka_hardware: 1.0.0 (/home/qiguanxiao/ws/ws_franka_ros2/install/franka_hardware/share/franka_hardware/cmake)
-- Found rosidl_generator_c: 3.1.6 (/home/qiguanxiao/ros2_humble/install/rosidl_generator_c/share/rosidl_generator_c/cmake)
-- Found rosidl_adapter: 3.1.6 (/home/qiguanxiao/ros2_humble/install/rosidl_adapter/share/rosidl_adapter/cmake)
-- Found rosidl_generator_cpp: 3.1.6 (/home/qiguanxiao/ros2_humble/install/rosidl_generator_cpp/share/rosidl_generator_cpp/cmake)
-- Using all available rosidl_typesupport_c: rosidl_typesupport_introspection_c;rosidl_typesupport_fastrtps_c
-- Using all available rosidl_typesupport_cpp: rosidl_typesupport_introspection_cpp;rosidl_typesupport_fastrtps_cpp
-- Found rmw_implementation_cmake: 6.1.2 (/home/qiguanxiao/ros2_humble/install/rmw_implementation_cmake/share/rmw_implementation_cmake/cmake)
-- Found rmw_fastrtps_cpp: 6.2.7 (/home/qiguanxiao/ros2_humble/install/rmw_fastrtps_cpp/share/rmw_fastrtps_cpp/cmake)
-- Found TinyXML2 via Config file: TinyXML2_DIR-NOTFOUND
-- Found OpenSSL: /usr/lib/x86_64-linux-gnu/libcrypto.so (found version "3.0.2")  
-- Found TinyXML2 via Config file: TinyXML2_DIR-NOTFOUND
-- Found FastRTPS: /home/qiguanxiao/ros2_humble/install/fastrtps/include  
-- Found TinyXML2 via Config file: TinyXML2_DIR-NOTFOUND
-- Found TinyXML2 via Config file: TinyXML2_DIR-NOTFOUND
-- Using RMW implementation 'rmw_fastrtps_cpp' as default
-- Found franka_msgs: 1.0.0 (/home/qiguanxiao/ws/ws_franka_ros2/install/franka_msgs/share/franka_msgs/cmake)
-- Found urdf: 2.6.1 (/home/qiguanxiao/ros2_humble/install/urdf/share/urdf/cmake)
-- Found ament_cmake_clang_format: 0.12.12 (/home/qiguanxiao/ros2_humble/install/ament_cmake_clang_format/share/ament_cmake_clang_format/cmake)
-- Found ament_cmake_copyright: 0.12.12 (/home/qiguanxiao/ros2_humble/install/ament_cmake_copyright/share/ament_cmake_copyright/cmake)
-- Found ament_cmake_cppcheck: 0.12.12 (/home/qiguanxiao/ros2_humble/install/ament_cmake_cppcheck/share/ament_cmake_cppcheck/cmake)
-- Found ament_cmake_flake8: 0.12.12 (/home/qiguanxiao/ros2_humble/install/ament_cmake_flake8/share/ament_cmake_flake8/cmake)
-- Found ament_cmake_lint_cmake: 0.12.12 (/home/qiguanxiao/ros2_humble/install/ament_cmake_lint_cmake/share/ament_cmake_lint_cmake/cmake)
-- Found ament_cmake_pep257: 0.12.12 (/home/qiguanxiao/ros2_humble/install/ament_cmake_pep257/share/ament_cmake_pep257/cmake)
-- Found ament_cmake_xmllint: 0.12.12 (/home/qiguanxiao/ros2_humble/install/ament_cmake_xmllint/share/ament_cmake_xmllint/cmake)
-- Found ament_cmake_gmock: 1.3.11 (/home/qiguanxiao/ros2_humble/install/ament_cmake_gmock/share/ament_cmake_gmock/cmake)
-- Found controller_interface: 2.47.0 (/home/qiguanxiao/ws/ws_ros2_control/install/controller_interface/share/controller_interface/cmake)
-- Found gmock sources under '/home/qiguanxiao/ros2_humble/install/gmock_vendor/src/gmock_vendor': C++ tests using 'Google Mock' will be built
-- Found ament_cmake_gtest: 1.3.11 (/home/qiguanxiao/ros2_humble/install/ament_cmake_gtest/share/ament_cmake_gtest/cmake)
-- Found gtest sources under '/home/qiguanxiao/ros2_humble/install/gtest_vendor/src/gtest_vendor': C++ tests using 'Google Test' will be built
-- Configuring done
-- Generating done
-- Build files have been written to: /home/qiguanxiao/ws/ws_franka_ros2/build/franka_semantic_components
[  9%] [32mBuilding CXX object CMakeFiles/franka_semantic_components.dir/src/franka_semantic_component_interface.cpp.o[0m
[  9%] [32mBuilding CXX object gmock/CMakeFiles/gmock.dir/home/qiguanxiao/ros2_humble/install/gtest_vendor/src/gtest_vendor/src/gtest-all.cc.o[0m
[ 13%] [32mBuilding CXX object gmock/CMakeFiles/gmock_main.dir/src/gmock_main.cc.o[0m
[ 18%] [32mBuilding CXX object CMakeFiles/franka_semantic_components.dir/src/franka_robot_state.cpp.o[0m
[ 22%] [32mBuilding CXX object CMakeFiles/franka_semantic_components.dir/src/franka_cartesian_pose_interface.cpp.o[0m
[ 27%] [32mBuilding CXX object CMakeFiles/franka_semantic_components.dir/src/franka_robot_model.cpp.o[0m
[ 31%] [32mBuilding CXX object gmock/CMakeFiles/gmock.dir/src/gmock-all.cc.o[0m
[ 36%] [32mBuilding CXX object CMakeFiles/franka_semantic_components.dir/src/franka_cartesian_velocity_interface.cpp.o[0m
[ 40%] [32mBuilding CXX object CMakeFiles/franka_semantic_components.dir/src/translation_utils.cpp.o[0m
In file included from [01m[K/home/qiguanxiao/ws/ws_franka_ros2/src/franka_ros2/franka_semantic_components/src/franka_semantic_component_interface.cpp:18[m[K:
[01m[K/home/qiguanxiao/ws/ws_franka_ros2/src/franka_ros2/franka_semantic_components/include/franka_semantic_components/franka_semantic_component_interface.hpp:23:10:[m[K [01;31m[Kfatal error: [m[Kcontroller_interface/helpers.hpp: No such file or directory
   23 | #include [01;31m[K"controller_interface/helpers.hpp"[m[K
      |          [01;31m[K^~~~~~~~~~~~~~~~~~~~~~~~~~~~~~~~~~[m[K
compilation terminated.
gmake[2]: *** [CMakeFiles/franka_semantic_components.dir/build.make:132: CMakeFiles/franka_semantic_components.dir/src/franka_semantic_component_interface.cpp.o] Error 1
gmake[2]: *** Waiting for unfinished jobs....
In file included from [01m[K/home/qiguanxiao/ws/ws_franka_ros2/src/franka_ros2/franka_semantic_components/include/franka_semantic_components/franka_cartesian_velocity_interface.hpp:19[m[K,
                 from [01m[K/home/qiguanxiao/ws/ws_franka_ros2/src/franka_ros2/franka_semantic_components/src/franka_cartesian_velocity_interface.cpp:15[m[K:
[01m[K/home/qiguanxiao/ws/ws_franka_ros2/src/franka_ros2/franka_semantic_components/include/franka_semantic_components/franka_semantic_component_interface.hpp:23:10:[m[K [01;31m[Kfatal error: [m[Kcontroller_interface/helpers.hpp: No such file or directory
   23 | #include [01;31m[K"controller_interface/helpers.hpp"[m[K
      |          [01;31m[K^~~~~~~~~~~~~~~~~~~~~~~~~~~~~~~~~~[m[K
compilation terminated.
gmake[2]: *** [CMakeFiles/franka_semantic_components.dir/build.make:104: CMakeFiles/franka_semantic_components.dir/src/franka_cartesian_velocity_interface.cpp.o] Error 1
In file included from [01m[K/home/qiguanxiao/ws/ws_franka_ros2/src/franka_ros2/franka_semantic_components/src/franka_robot_model.cpp:15[m[K:
[01m[K/home/qiguanxiao/ws/ws_franka_ros2/src/franka_ros2/franka_semantic_components/include/franka_semantic_components/franka_robot_model.hpp:25:10:[m[K [01;31m[Kfatal error: [m[Ksemantic_components/semantic_component_interface.hpp: No such file or directory
   25 | #include [01;31m[K"semantic_components/semantic_component_interface.hpp"[m[K
      |          [01;31m[K^~~~~~~~~~~~~~~~~~~~~~~~~~~~~~~~~~~~~~~~~~~~~~~~~~~~~~[m[K
compilation terminated.
gmake[2]: *** [CMakeFiles/franka_semantic_components.dir/build.make:90: CMakeFiles/franka_semantic_components.dir/src/franka_robot_model.cpp.o] Error 1
In file included from [01m[K/home/qiguanxiao/ws/ws_franka_ros2/src/franka_ros2/franka_semantic_components/src/franka_robot_state.cpp:15[m[K:
[01m[K/home/qiguanxiao/ws/ws_franka_ros2/src/franka_ros2/franka_semantic_components/include/franka_semantic_components/franka_robot_state.hpp:25:10:[m[K [01;31m[Kfatal error: [m[Ksemantic_components/semantic_component_interface.hpp: No such file or directory
   25 | #include [01;31m[K"semantic_components/semantic_component_interface.hpp"[m[K
      |          [01;31m[K^~~~~~~~~~~~~~~~~~~~~~~~~~~~~~~~~~~~~~~~~~~~~~~~~~~~~~[m[K
compilation terminated.
gmake[2]: *** [CMakeFiles/franka_semantic_components.dir/build.make:76: CMakeFiles/franka_semantic_components.dir/src/franka_robot_state.cpp.o] Error 1
In file included from [01m[K/home/qiguanxiao/ws/ws_franka_ros2/src/franka_ros2/franka_semantic_components/include/franka_semantic_components/franka_cartesian_pose_interface.hpp:24[m[K,
                 from [01m[K/home/qiguanxiao/ws/ws_franka_ros2/src/franka_ros2/franka_semantic_components/src/franka_cartesian_pose_interface.cpp:15[m[K:
[01m[K/home/qiguanxiao/ws/ws_franka_ros2/src/franka_ros2/franka_semantic_components/include/franka_semantic_components/franka_semantic_component_interface.hpp:23:10:[m[K [01;31m[Kfatal error: [m[Kcontroller_interface/helpers.hpp: No such file or directory
   23 | #include [01;31m[K"controller_interface/helpers.hpp"[m[K
      |          [01;31m[K^~~~~~~~~~~~~~~~~~~~~~~~~~~~~~~~~~[m[K
compilation terminated.
gmake[2]: *** [CMakeFiles/franka_semantic_components.dir/build.make:118: CMakeFiles/franka_semantic_components.dir/src/franka_cartesian_pose_interface.cpp.o] Error 1
[ 45%] [32m[1mLinking CXX static library libgmock_main.a[0m
gmake[1]: *** [CMakeFiles/Makefile2:184: CMakeFiles/franka_semantic_components.dir/all] Error 2
gmake[1]: *** Waiting for unfinished jobs....
[ 45%] Built target gmock_main
[ 50%] [32m[1mLinking CXX static library libgmock.a[0m
[ 50%] Built target gmock
gmake: *** [Makefile:146: all] Error 2
